4 15413
4 15777
4 16363
4 16206
4 15614
4 15867
4 15518
4 16386
4 16060
4 16365
4 16114
4 15822
4 16563
4 16175
4 16253
4 15941
4 15614
4 16466
4 15916
4 15085
4 15704
4 15879
4 16178
4 15891
4 15688
4 15633
4 15962
4 16933
4 14931
4 15702
4 16626
4 16352
4 16380
4 15535
4 16591
4 16069
4 16043
4 16290
4 16161
4 15141
4 16046
4 14814
4 16072
4 15692
4 16067
4 16206
4 16045
4 16155
4 15157
4 16629
4 16023
4 15499
4 16761
4 16073
4 16899
4 16111
4 16025
4 15781
4 16474
4 16508
4 15715
4 16053
4 16451
4 16353
4 16158
4 16027
4 16969
4 16347
4 16400
4 15614
4 16023
4 15745
4 15563
4 16004
4 15723
4 16150
4 15924
4 15790
4 16283
