Jucatorul A mutare invalida
Jucatorul A mutare valida (0:0)
Jucatorul B mutare valida (0:0)
Jucatorul A mutare valida (0:0)
Jucatorul B mutare valida (0:1)
Jucatorul B mutare invalida
Jucatorul B mutare valida (0:1)
Jucatorul A mutare valida (0:1)
Jucatorul B mutare valida (0:2)
Jucatorul B mutare invalida
Jucatorul B mutare invalida
Jucatorul B mutare invalida
Jucatorul B mutare invalida
Jucatorul B mutare invalida
Jucatorul B mutare invalida
Jucatorul B mutare invalida
Jucatorul B mutare invalida
Jucatorul B mutare invalida
Jucatorul B mutare valida (0:2)
Jucatorul A mutare invalida
Jucatorul A mutare invalida
Jucatorul A mutare invalida
Jucatorul A mutare valida (0:2)
Jucatorul B mutare valida (0:2)
Jucatorul A mutare invalida
Jucatorul A mutare invalida
Jucatorul A mutare valida (0:2)
Jucatorul B mutare valida (0:2)
Jucatorul A mutare invalida
Jucatorul A mutare invalida
Jucatorul A mutare invalida
Jucatorul A mutare valida (0:2)
Jucatorul B mutare invalida
Jucatorul B mutare invalida
Jucatorul B mutare invalida
Jucatorul B mutare valida (0:2)
Jucatorul A mutare invalida
Jucatorul A mutare invalida
Jucatorul A mutare invalida
Jucatorul A mutare valida (0:2)
Jucatorul B mutare invalida
Jucatorul B mutare invalida
Jucatorul B mutare valida (0:3)
Jucatorul B mutare valida (0:3)
Jucatorul A mutare invalida
Jucatorul A mutare invalida
Jucatorul A mutare valida (1:3)
Jucatorul A mutare valida (1:3)
Jucatorul B mutare invalida
Jucatorul B mutare invalida
Jucatorul B mutare valida (1:4)
Jucatorul B mutare valida (1:4)
Jucatorul A mutare invalida
Jucatorul A mutare invalida
Jucatorul A mutare invalida
Jucatorul A mutare valida (1:4)
Jucatorul B mutare invalida
Jucatorul B mutare invalida
Jucatorul B mutare valida (1:5)
Jucatorul B mutare valida (1:5)
Jucatorul A mutare invalida
Jucatorul A mutare invalida
Jucatorul A mutare valida (2:5)
Jucatorul A mutare valida (2:5)
Jucatorul B mutare invalida
Jucatorul B mutare invalida
Jucatorul B mutare valida (2:6)
Jucatorul B mutare valida (2:6)
Jucatorul A mutare invalida
Jucatorul A mutare invalida
Jucatorul A mutare valida (3:6)
Jucatorul A mutare valida (3:6)
Jucatorul B mutare invalida
Jucatorul B mutare invalida
Jucatorul B mutare valida (3:7)
Jucatorul B mutare valida (3:7)
Jucatorul A mutare invalida
Jucatorul A mutare invalida
Jucatorul A mutare invalida
Jucatorul A mutare valida (3:7)
Jucatorul B mutare invalida
Jucatorul B mutare invalida
Jucatorul B mutare valida (3:8)
Jucatorul B mutare valida (3:8)
Jucatorul A mutare invalida
Jucatorul A mutare invalida
Jucatorul A mutare valida (4:8)
Jucatorul A mutare valida (4:8)
Jucatorul B mutare invalida
Jucatorul B mutare invalida
Jucatorul B mutare valida (4:9)
Jucatorul B mutare valida (4:9)
Jucatorul A mutare invalida
Jucatorul A mutare invalida
Jucatorul A mutare valida (5:9)
Jucatorul A mutare valida (5:9)
Jucatorul B mutare invalida
Jucatorul B mutare invalida
Jucatorul B mutare valida (5:10)
Jucatorul B mutare valida (5:10)
Jucatorul A mutare invalida
Jucatorul A mutare invalida
Jucatorul A mutare invalida
Jucatorul A mutare valida (5:10)
Jucatorul B mutare invalida
Jucatorul B mutare invalida
Jucatorul B mutare valida (5:11)
Jucatorul B mutare valida (5:11)
Jucatorul A mutare invalida
Jucatorul A mutare invalida
Jucatorul A mutare valida (6:11)
Jucatorul A mutare valida (6:11)
Jucatorul B mutare invalida
Jucatorul B mutare invalida
Jucatorul B mutare valida (6:12)
Jucatorul B mutare valida (6:12)
Jucatorul A mutare invalida
Jucatorul A mutare invalida
Jucatorul A mutare valida (7:12)
Jucatorul A mutare valida (7:12)
Jucatorul B mutare invalida
Jucatorul B mutare invalida
Jucatorul B mutare valida (7:13)
Jucatorul B mutare valida (7:13)
Jucatorul A mutare invalida
Jucatorul A mutare invalida
Jucatorul A mutare invalida
Jucatorul A mutare valida (7:13)
Jucatorul B mutare invalida
Jucatorul B mutare invalida
Jucatorul B mutare valida (7:14)
Jucatorul B mutare invalida
Jucatorul B mutare invalida
Jucatorul B mutare invalida
Jucatorul B mutare valida (7:15)
Jucatorul B mutare invalida
Jucatorul B mutare invalida
Jucatorul B mutare invalida
Jucatorul B mutare valida (7:16)
Jucatorul B mutare invalida
Jucatorul B mutare invalida
Jucatorul B mutare invalida
Jucatorul B mutare valida (7:17)
Jucatorul B mutare invalida
Jucatorul B mutare invalida
Jucatorul B mutare invalida
Jucatorul B mutare valida (7:18)
Jocul s-a terminat
Jocul s-a terminat
Jocul s-a terminat
Jocul s-a terminat
Jocul s-a terminat
Jocul s-a terminat
Jocul s-a terminat
