-1 10 9 8 7 6 5 5 5 6 7 8 -1 
-1 -1 -1 -1 -1 -1 -1 4 4 -1 7 8 -1 
-1 8 7 6 5 4 3 3 3 -1 8 8 -1 
-1 8 7 -1 5 4 3 2 2 -1 9 9 -1 
-1 8 8 -1 5 4 3 2 1 -1 10 10 -1 
-1 9 9 -1 -1 -1 -1 -1 -1 -1 11 11 -1 
-1 10 10 10 11 12 13 14 13 12 12 12 -1 
-1 11 -1 -1 11 -1 -1 -1 -1 -1 13 13 -1 
-1 -1 -1 -1 12 -1 -1 16 17 -1 14 14 -1 
-1 15 14 13 13 13 14 15 16 -1 15 15 -1 
-1 15 14 -1 14 14 14 15 16 -1 16 16 -1 
-1 15 15 -1 15 15 15 15 16 -1 17 17 -1 
-1 16 16 -1 -1 -1 -1 -1 -1 -1 18 18 -1 
-1 17 17 17 18 19 20 21 20 19 19 19 -1 
-1 18 -1 18 -1 -1 -1 -1 -1 -1 20 20 -1 
-1 -1 -1 19 -1 -1 -1 24 25 -1 21 21 -1 
-1 21 20 20 20 21 22 23 24 -1 22 22 -1 
-1 21 21 -1 21 21 22 23 24 -1 23 23 -1 
-1 22 22 -1 22 22 22 23 24 -1 24 24 -1 
-1 23 23 -1 -1 -1 -1 -1 -1 -1 25 25 -1 
-1 24 24 24 25 26 27 28 27 26 26 26 -1 
-1 25 -1 25 -1 -1 -1 28 -1 -1 27 27 -1 
-1 26 -1 26 -1 -1 29 -1 -1 -1 -1 28 -1 
-1 27 -1 27 -1 -1 30 -1 31 30 29 29 -1 
-1 28 -1 -1 28 29 30 31 31 30 30 30 -1 
1 29 29 29 29 -1 -1 -1 31 -1 -1 -1 -1 
-1 41 40 39 38 37 36 36 37 36 36 37 -1 
-1 -1 -1 -1 -1 -1 -1 35 36 -1 35 36 -1 
-1 29 29 30 31 32 33 34 35 -1 34 35 -1 
-1 28 28 -1 31 32 33 34 35 -1 33 34 -1 
-1 27 27 -1 32 32 33 34 1 -1 32 33 -1 
-1 27 26 -1 -1 -1 -1 -1 -1 -1 31 32 -1 
-1 27 26 25 25 26 27 28 29 30 30 31 -1 
-1 27 -1 -1 24 -1 -1 -1 -1 -1 29 30 -1 
-1 -1 -1 -1 23 -1 -1 26 27 -1 28 29 -1 
-1 20 20 21 22 23 24 25 26 -1 27 28 -1 
-1 19 19 -1 22 23 24 25 26 -1 26 27 -1 
-1 18 18 -1 23 23 24 25 26 -1 25 26 -1 
-1 17 17 -1 -1 -1 -1 -1 -1 -1 24 25 -1 
-1 17 16 16 17 18 19 20 21 22 23 24 -1 
-1 17 -1 15 -1 -1 -1 -1 -1 -1 22 23 -1 
-1 -1 -1 14 -1 -1 -1 18 19 -1 21 22 -1 
-1 11 12 13 14 15 16 17 18 -1 20 21 -1 
-1 10 11 -1 14 15 16 17 18 -1 19 20 -1 
-1 9 10 -1 15 15 16 17 18 -1 18 19 -1 
-1 8 9 -1 -1 -1 -1 -1 -1 -1 17 18 -1 
-1 7 8 9 10 11 12 13 14 15 16 17 -1 
-1 6 -1 9 -1 -1 -1 13 -1 -1 16 16 -1 
-1 5 -1 8 -1 -1 10 -1 -1 -1 -1 15 -1 
-1 4 -1 7 -1 -1 9 -1 11 12 13 14 -1 
-1 3 -1 -1 6 7 8 9 10 11 12 13 -1 
1 2 3 4 5 -1 -1 -1 10 -1 -1 -1 -1 
17 14 2