0
6149.1934
19420.8402
27636.8673
28011.9690
35027.1110
39711.2695
43956.6269
49787.4811
56896.3580
57038.0345
60554.6955
60778.2131
65869.6852
76470.0365
78448.4715
79080.8160
79129.1678
80567.5434
80658.7613
83068.1191
88227.3991
89847.4019
91696.4953
93751.7355
98612.5343
99680.2020
104636.3490
107980.0122
108156.7042
108955.6820
110856.0696
110742.0677
112702.8851
115579.1611
117256.1427
118419.9496
122690.3502
124983.2654
127484.8195
128010.5252
128246.9545
133201.3942
133427.5630
133844.9658
134383.0640
134432.9255
135965.1350
136615.5856
136626.8500
137527.5599
137921.9468
143728.8593
145473.3790
147943.8528
148266.4205
149848.6582
151707.1952
152546.6242
153006.5460
152731.8599
154857.4763
159277.3916
159910.6573
160277.4612
160250.1203
162657.5646
163967.9867
165346.0061
165689.3670
166881.4262
167958.7201
169372.1178
171189.2647
172495.4941
174398.3480
174902.0739
179505.4485
180285.8517
180326.8785
183099.3377
183925.5712
184772.9059
184927.1171
185183.8735
185392.8342
187271.8251
187637.5362
189137.7965
190033.0004
190790.9356
193047.6644
193296.6807
193466.4219
194436.2559
195259.9576
197091.6606
199480.8083
201598.3650
204936.7852
