Jucator1 >> 10 vs 9 << Jucator2
Runda 1: Jucatorul 1 ia cartile
Jucator1 >> Q vs Q << Jucator2
Razboi!
Jucator1 >> A 7 8 5 A 5 8 8 J 6 9 9 3 vs 2 10 Q 9 3 10 A 7 4 5 Q J K << Jucator2
Runda 2: Jucatorul 1 ia cartile
Jucator1 >> 6 vs 4 << Jucator2
Runda 3: Jucatorul 1 ia cartile
Jucator1 >> J vs 2 << Jucator2
Runda 4: Jucatorul 1 ia cartile
Jucator1 >> 7 vs 8 << Jucator2
Runda 5: Jucatorul 2 ia cartile
Jucator1 >> A vs 4 << Jucator2
Runda 6: Jucatorul 1 ia cartile
Jucator1 >> 3 vs J << Jucator2
Runda 7: Jucatorul 2 ia cartile
Jucator1 >> 5 vs K << Jucator2
Runda 8: Jucatorul 2 ia cartile
Jucator1 >> K vs 6 << Jucator2
Runda 9: Jucatorul 1 ia cartile
Jucator1 >> 6 vs K << Jucator2
Runda 10: Jucatorul 2 ia cartile
Jucator1 >> 7 vs 2 << Jucator2
Runda 11: Jucatorul 1 ia cartile
Jucator1 >> 2 vs 3 << Jucator2
Runda 12: Jucatorul 2 ia cartile
Jucator1 >> 4 vs 10 << Jucator2
Runda 13: Jucatorul 2 ia cartile
Jucator1 >> 10 vs 7 << Jucator2
Runda 14: Jucatorul 1 ia cartile
Jucator1 >> 9 vs 8 << Jucator2
Runda 15: Jucatorul 1 ia cartile
Jucator1 >> Q vs 3 << Jucator2
Runda 16: Jucatorul 1 ia cartile
Jucator1 >> A vs J << Jucator2
Runda 17: Jucatorul 1 ia cartile
Jucator1 >> 7 vs 5 << Jucator2
Runda 18: Jucatorul 1 ia cartile
Jucator1 >> 8 vs K << Jucator2
Runda 19: Jucatorul 2 ia cartile
Jucator1 >> 5 vs 6 << Jucator2
Runda 20: Jucatorul 2 ia cartile
Jucator1 >> A vs K << Jucator2
Runda 21: Jucatorul 1 ia cartile
Jucator1 >> 5 vs 2 << Jucator2
Runda 22: Jucatorul 1 ia cartile
Jucator1 >> 8 vs 3 << Jucator2
Runda 23: Jucatorul 1 ia cartile
Jucator1 >> 8 vs 4 << Jucator2
Runda 24: Jucatorul 1 ia cartile
Jucator1 >> J vs 10 << Jucator2
Runda 25: Jucatorul 1 ia cartile
Jucator1 >> 6 vs 8 << Jucator2
Runda 26: Jucatorul 2 ia cartile
Jucator1 >> 9 vs K << Jucator2
Runda 27: Jucatorul 2 ia cartile
Jucator1 >> 9 vs 5 << Jucator2
Runda 28: Jucatorul 1 ia cartile
Jucator1 >> 3 vs 6 << Jucator2
Runda 29: Jucatorul 2 ia cartile
Jucator1 >> Q vs 6 << Jucator2
Runda 30: Jucatorul 1 ia cartile
Jucator1 >> K vs 8 << Jucator2
Runda 31: Jucatorul 1 ia cartile
Jucator1 >> J vs 9 << Jucator2
Runda 32: Jucatorul 1 ia cartile
Jucator1 >> Q vs K << Jucator2
Runda 33: Jucatorul 2 ia cartile
Jucator1 >> 5 vs 3 << Jucator2
Runda 34: Jucatorul 1 ia cartile
Jucator1 >> 4 vs 6 << Jucator2
Runda 35: Jucatorul 2 ia cartile
Jucator1 >> 7 vs Q << Jucator2
Runda 36: Jucatorul 2 ia cartile
Jucator1 >> A vs K << Jucator2
Runda 37: Jucatorul 1 ia cartile
Jucator1 >> 10 vs 4 << Jucator2
Runda 38: Jucatorul 1 ia cartile
Jucator1 >> 3 vs 6 << Jucator2
Runda 39: Jucatorul 2 ia cartile
Jucator1 >> 9 vs 7 << Jucator2
Runda 40: Jucatorul 1 ia cartile
Jucator1 >> Q vs Q << Jucator2
Razboi!
Jucator1 >> 10 2 vs 6 3 << Jucator2
Runda 41: Jucatorul 2 ia cartile
Jucator1 >> 6 vs Q << Jucator2
Runda 42: Jucatorul 2 ia cartile
Jucator1 >> 4 vs 10 << Jucator2
Runda 43: Jucatorul 2 ia cartile
Jucator1 >> J vs 2 << Jucator2
Runda 44: Jucatorul 1 ia cartile
Jucator1 >> 2 vs Q << Jucator2
Runda 45: Jucatorul 2 ia cartile
Jucator1 >> A vs 3 << Jucator2
Runda 46: Jucatorul 1 ia cartile
Jucator1 >> 4 vs 6 << Jucator2
Runda 47: Jucatorul 2 ia cartile
Jucator1 >> K vs 6 << Jucator2
Runda 48: Jucatorul 1 ia cartile
Jucator1 >> 6 vs Q << Jucator2
Runda 49: Jucatorul 2 ia cartile
Jucator1 >> 7 vs 4 << Jucator2
Runda 50: Jucatorul 1 ia cartile
Jucator1 >> 2 vs 10 << Jucator2
Runda 51: Jucatorul 2 ia cartile
Jucator1 >> 10 vs 2 << Jucator2
Runda 52: Jucatorul 1 ia cartile
Jucator1 >> 7 vs Q << Jucator2
Runda 53: Jucatorul 2 ia cartile
Jucator1 >> 9 vs 4 << Jucator2
Runda 54: Jucatorul 1 ia cartile
Jucator1 >> 8 vs 6 << Jucator2
Runda 55: Jucatorul 1 ia cartile
Jucator1 >> Q vs 6 << Jucator2
Runda 56: Jucatorul 1 ia cartile
Jucator1 >> 3 vs Q << Jucator2
Runda 57: Jucatorul 2 ia cartile
Jucator1 >> A vs 2 << Jucator2
Runda 58: Jucatorul 1 ia cartile
Jucator1 >> J vs 10 << Jucator2
Runda 59: Jucatorul 1 ia cartile
Jucator1 >> 7 vs 7 << Jucator2
Razboi!
Jucator1 >> 5 A K vs Q 3 Q << Jucator2
Runda 60: Jucatorul 1 ia cartile
Jucatorul 1 a castigat
